<?xml version="1.0" encoding="UTF-8"?>
<!-- Generated by org.testng.reporters.JUnitReportReporter -->
<testsuite hostname="DESKTOP-37FB485" failures="0" tests="5" name="altdrxnodejs.Email_OTP" time="4.379" errors="0" timestamp="2024-08-16T18:42:08 IST" skipped="0">
  <testcase classname="altdrxnodejs.Email_OTP" name="testemptytype" time="0.154"/>
  <system-out/>
  <testcase classname="altdrxnodejs.Email_OTP" name="testinvalidemail" time="0.149"/>
  <system-out/>
  <testcase classname="altdrxnodejs.Email_OTP" name="testemptyemail" time="0.190"/>
  <system-out/>
  <testcase classname="altdrxnodejs.Email_OTP" name="emailOTP" time="3.737"/>
  <system-out/>
  <testcase classname="altdrxnodejs.Email_OTP" name="testemptydebug" time="0.149"/>
  <system-out/>
</testsuite> <!-- altdrxnodejs.Email_OTP -->
